{"/Users/hong/Desktop/web/mylearn/learn/node/day1/main.js":{"path":"/Users/hong/Desktop/web/mylearn/learn/node/day1/main.js","s":{"1":1,"2":5,"3":1,"4":4,"5":1,"6":3,"7":1,"8":2,"9":2,"10":8,"11":2,"12":1,"13":0,"14":0,"15":1},"b":{"1":[1,4],"2":[1,3],"3":[1,2],"4":[0,1]},"f":{"1":5},"fnMap":{"1":{"name":"(anonymous_1)","line":1,"loc":{"start":{"line":1,"column":16},"end":{"line":1,"column":28}}}},"statementMap":{"1":{"start":{"line":1,"column":0},"end":{"line":14,"column":1}},"2":{"start":{"line":2,"column":2},"end":{"line":4,"column":3}},"3":{"start":{"line":3,"column":4},"end":{"line":3,"column":43}},"4":{"start":{"line":5,"column":2},"end":{"line":7,"column":3}},"5":{"start":{"line":6,"column":4},"end":{"line":6,"column":36}},"6":{"start":{"line":8,"column":2},"end":{"line":8,"column":23}},"7":{"start":{"line":8,"column":15},"end":{"line":8,"column":23}},"8":{"start":{"line":9,"column":2},"end":{"line":9,"column":18}},"9":{"start":{"line":10,"column":2},"end":{"line":12,"column":3}},"10":{"start":{"line":11,"column":4},"end":{"line":11,"column":36}},"11":{"start":{"line":13,"column":2},"end":{"line":13,"column":17}},"12":{"start":{"line":21,"column":0},"end":{"line":24,"column":1}},"13":{"start":{"line":22,"column":2},"end":{"line":22,"column":34}},"14":{"start":{"line":23,"column":2},"end":{"line":23,"column":55}},"15":{"start":{"line":26,"column":0},"end":{"line":26,"column":30}}},"branchMap":{"1":{"line":2,"type":"if","locations":[{"start":{"line":2,"column":2},"end":{"line":2,"column":2}},{"start":{"line":2,"column":2},"end":{"line":2,"column":2}}]},"2":{"line":5,"type":"if","locations":[{"start":{"line":5,"column":2},"end":{"line":5,"column":2}},{"start":{"line":5,"column":2},"end":{"line":5,"column":2}}]},"3":{"line":8,"type":"if","locations":[{"start":{"line":8,"column":2},"end":{"line":8,"column":2}},{"start":{"line":8,"column":2},"end":{"line":8,"column":2}}]},"4":{"line":21,"type":"if","locations":[{"start":{"line":21,"column":0},"end":{"line":21,"column":0}},{"start":{"line":21,"column":0},"end":{"line":21,"column":0}}]}}}}